<?xml version="1.0" encoding="UTF-8"?>
<testsuite xmlns:xsi="http://www.w3.org/2001/XMLSchema-instance" xsi:noNamespaceSchemaLocation="https://maven.apache.org/surefire/maven-surefire-plugin/xsd/surefire-test-report-3.0.xsd" version="3.0" name="com.todolistservice.todoservice.TodoserviceApplicationTests" time="5.734" tests="1" errors="0" skipped="0" failures="0">
  <properties>
[...]
</properties>
  <testcase name="contextLoads" classname="com.todolistservice.todoservice.TodoserviceApplicationTests" time="1.338">
    <system-out><![CDATA[09:39:43.876 [main] INFO org.springframework.test.context.support.AnnotationConfigContextLoaderUtils -- Could not detect default configuration classes for test class [com.todolistservice.todoservice.TodoserviceApplicationTests]: TodoserviceApplicationTests does not declare any static, non-private, non-final, nested classes annotated with @Configuration.
09:39:44.016 [main] INFO org.springframework.boot.test.context.SpringBootTestContextBootstrapper -- Found @SpringBootConfiguration com.todolistservice.todoservice.TodoserviceApplication for test class com.todolistservice.todoservice.TodoserviceApplicationTests

  .   ____          _            __ _ _
 /\\ / ___'_ __ _ _(_)_ __  __ _ \ \ \ \
( ( )\___ | '_ | '_| | '_ \/ _` | \ \ \ \
 \\/  ___)| |_)| | | | | || (_| |  ) ) ) )
  '  |____| .__|_| |_|_| |_\__, | / / / /
 =========|_|==============|___/=/_/_/_/
 :: Spring Boot ::                (v3.2.1)

2024-01-06T09:39:44.687+05:30  INFO 6308 --- [           main] c.t.t.TodoserviceApplicationTests        : Starting TodoserviceApplicationTests using Java 20.0.2 with PID 6308 (started by Lenovo in F:\ToDoList\todoservice)
2024-01-06T09:39:44.689+05:30  INFO 6308 --- [           main] c.t.t.TodoserviceApplicationTests        : No active profile set, falling back to 1 default profile: "default"
2024-01-06T09:39:45.711+05:30  INFO 6308 --- [           main] .s.d.r.c.RepositoryConfigurationDelegate : Bootstrapping Spring Data MongoDB repositories in DEFAULT mode.
2024-01-06T09:39:45.735+05:30  INFO 6308 --- [           main] .s.d.r.c.RepositoryConfigurationDelegate : Finished Spring Data repository scanning in 18 ms. Found 0 MongoDB repository interfaces.
2024-01-06T09:39:46.413+05:30  INFO 6308 --- [           main] org.mongodb.driver.client                : MongoClient with metadata {"driver": {"name": "mongo-java-driver|sync", "version": "4.11.1"}, "os": {"type": "Windows", "name": "Windows 10", "architecture": "amd64", "version": "10.0"}, "platform": "Java/Oracle Corporation/20.0.2+9-78"} created with settings MongoClientSettings{readPreference=primary, writeConcern=WriteConcern{w=null, wTimeout=null ms, journal=null}, retryWrites=true, retryReads=true, readConcern=ReadConcern{level=null}, credential=MongoCredential{mechanism=null, userName='Rithik_Suthan_S', source='admin', password=<hidden>, mechanismProperties=<hidden>}, transportSettings=null, streamFactoryFactory=null, commandListeners=[], codecRegistry=ProvidersCodecRegistry{codecProviders=[ValueCodecProvider{}, BsonValueCodecProvider{}, DBRefCodecProvider{}, DBObjectCodecProvider{}, DocumentCodecProvider{}, CollectionCodecProvider{}, IterableCodecProvider{}, MapCodecProvider{}, GeoJsonCodecProvider{}, GridFSFileCodecProvider{}, Jsr310CodecProvider{}, JsonObjectCodecProvider{}, BsonCodecProvider{}, EnumCodecProvider{}, com.mongodb.client.model.mql.ExpressionCodecProvider@3e1fd62b, com.mongodb.Jep395RecordCodecProvider@7112ce6, com.mongodb.KotlinCodecProvider@558b4942]}, loggerSettings=LoggerSettings{maxDocumentLength=1000}, clusterSettings={hosts=[127.0.0.1:27017], srvHost=cluster0.nwyrzl2.mongodb.net, srvServiceName=mongodb, mode=MULTIPLE, requiredClusterType=REPLICA_SET, requiredReplicaSetName='atlas-sya9t1-shard-0', serverSelector='null', clusterListeners='[]', serverSelectionTimeout='30000 ms', localThreshold='15 ms'}, socketSettings=SocketSettings{connectTimeoutMS=10000, readTimeoutMS=0, receiveBufferSize=0, proxySettings=ProxySettings{host=null, port=null, username=null, password=null}}, heartbeatSocketSettings=SocketSettings{connectTimeoutMS=10000, readTimeoutMS=10000, receiveBufferSize=0, proxySettings=ProxySettings{host=null, port=null, username=null, password=null}}, connectionPoolSettings=ConnectionPoolSettings{maxSize=100, minSize=0, maxWaitTimeMS=120000, maxConnectionLifeTimeMS=0, maxConnectionIdleTimeMS=0, maintenanceInitialDelayMS=0, maintenanceFrequencyMS=60000, connectionPoolListeners=[], maxConnecting=2}, serverSettings=ServerSettings{heartbeatFrequencyMS=10000, minHeartbeatFrequencyMS=500, serverListeners='[]', serverMonitorListeners='[]'}, sslSettings=SslSettings{enabled=true, invalidHostNameAllowed=false, context=null}, applicationName='null', compressorList=[], uuidRepresentation=UNSPECIFIED, serverApi=null, autoEncryptionSettings=null, dnsClient=null, inetAddressResolver=null, contextProvider=null}
2024-01-06T09:39:46.427+05:30  INFO 6308 --- [zl2.mongodb.net] org.mongodb.driver.cluster               : Adding discovered server ac-dlovyk2-shard-00-02.nwyrzl2.mongodb.net:27017 to client view of cluster
2024-01-06T09:39:46.458+05:30  INFO 6308 --- [zl2.mongodb.net] org.mongodb.driver.cluster               : Adding discovered server ac-dlovyk2-shard-00-01.nwyrzl2.mongodb.net:27017 to client view of cluster
2024-01-06T09:39:46.463+05:30  INFO 6308 --- [zl2.mongodb.net] org.mongodb.driver.cluster               : Adding discovered server ac-dlovyk2-shard-00-00.nwyrzl2.mongodb.net:27017 to client view of cluster
2024-01-06T09:39:47.752+05:30  INFO 6308 --- [           main] org.mongodb.driver.client                : MongoClient with metadata {"driver": {"name": "mongo-java-driver|sync|spring-boot", "version": "4.11.1"}, "os": {"type": "Windows", "name": "Windows 10", "architecture": "amd64", "version": "10.0"}, "platform": "Java/Oracle Corporation/20.0.2+9-78"} created with settings MongoClientSettings{readPreference=primary, writeConcern=WriteConcern{w=null, wTimeout=null ms, journal=null}, retryWrites=true, retryReads=true, readConcern=ReadConcern{level=null}, credential=MongoCredential{mechanism=null, userName='Rithik_Suthan_S', source='admin', password=<hidden>, mechanismProperties=<hidden>}, transportSettings=null, streamFactoryFactory=null, commandListeners=[], codecRegistry=ProvidersCodecRegistry{codecProviders=[ValueCodecProvider{}, BsonValueCodecProvider{}, DBRefCodecProvider{}, DBObjectCodecProvider{}, DocumentCodecProvider{}, CollectionCodecProvider{}, IterableCodecProvider{}, MapCodecProvider{}, GeoJsonCodecProvider{}, GridFSFileCodecProvider{}, Jsr310CodecProvider{}, JsonObjectCodecProvider{}, BsonCodecProvider{}, EnumCodecProvider{}, com.mongodb.client.model.mql.ExpressionCodecProvider@3e1fd62b, com.mongodb.Jep395RecordCodecProvider@7112ce6, com.mongodb.KotlinCodecProvider@558b4942]}, loggerSettings=LoggerSettings{maxDocumentLength=1000}, clusterSettings={hosts=[127.0.0.1:27017], srvHost=cluster0.nwyrzl2.mongodb.net, srvServiceName=mongodb, mode=MULTIPLE, requiredClusterType=REPLICA_SET, requiredReplicaSetName='atlas-sya9t1-shard-0', serverSelector='null', clusterListeners='[]', serverSelectionTimeout='30000 ms', localThreshold='15 ms'}, socketSettings=SocketSettings{connectTimeoutMS=10000, readTimeoutMS=0, receiveBufferSize=0, proxySettings=ProxySettings{host=null, port=null, username=null, password=null}}, heartbeatSocketSettings=SocketSettings{connectTimeoutMS=10000, readTimeoutMS=10000, receiveBufferSize=0, proxySettings=ProxySettings{host=null, port=null, username=null, password=null}}, connectionPoolSettings=ConnectionPoolSettings{maxSize=100, minSize=0, maxWaitTimeMS=120000, maxConnectionLifeTimeMS=0, maxConnectionIdleTimeMS=0, maintenanceInitialDelayMS=0, maintenanceFrequencyMS=60000, connectionPoolListeners=[], maxConnecting=2}, serverSettings=ServerSettings{heartbeatFrequencyMS=10000, minHeartbeatFrequencyMS=500, serverListeners='[]', serverMonitorListeners='[]'}, sslSettings=SslSettings{enabled=true, invalidHostNameAllowed=false, context=null}, applicationName='null', compressorList=[], uuidRepresentation=JAVA_LEGACY, serverApi=null, autoEncryptionSettings=null, dnsClient=null, inetAddressResolver=null, contextProvider=null}
2024-01-06T09:39:47.797+05:30  INFO 6308 --- [zl2.mongodb.net] org.mongodb.driver.cluster               : Adding discovered server ac-dlovyk2-shard-00-02.nwyrzl2.mongodb.net:27017 to client view of cluster
2024-01-06T09:39:47.799+05:30  INFO 6308 --- [zl2.mongodb.net] org.mongodb.driver.cluster               : Adding discovered server ac-dlovyk2-shard-00-01.nwyrzl2.mongodb.net:27017 to client view of cluster
2024-01-06T09:39:47.800+05:30  INFO 6308 --- [zl2.mongodb.net] org.mongodb.driver.cluster               : Adding discovered server ac-dlovyk2-shard-00-00.nwyrzl2.mongodb.net:27017 to client view of cluster
2024-01-06T09:39:47.951+05:30  INFO 6308 --- [ngodb.net:27017] org.mongodb.driver.cluster               : Monitor thread successfully connected to server with description ServerDescription{address=ac-dlovyk2-shard-00-01.nwyrzl2.mongodb.net:27017, type=REPLICA_SET_SECONDARY, state=CONNECTED, ok=true, minWireVersion=0, maxWireVersion=17, maxDocumentSize=16777216, logicalSessionTimeoutMinutes=30, roundTripTimeNanos=913984000, setName='atlas-sya9t1-shard-0', canonicalAddress=ac-dlovyk2-shard-00-01.nwyrzl2.mongodb.net:27017, hosts=[ac-dlovyk2-shard-00-00.nwyrzl2.mongodb.net:27017, ac-dlovyk2-shard-00-02.nwyrzl2.mongodb.net:27017, ac-dlovyk2-shard-00-01.nwyrzl2.mongodb.net:27017], passives=[], arbiters=[], primary='ac-dlovyk2-shard-00-02.nwyrzl2.mongodb.net:27017', tagSet=TagSet{[Tag{name='availabilityZone', value='use1-az1'}, Tag{name='nodeType', value='ELECTABLE'}, Tag{name='provider', value='AWS'}, Tag{name='region', value='US_EAST_1'}, Tag{name='workloadType', value='OPERATIONAL'}]}, electionId=null, setVersion=11, topologyVersion=TopologyVersion{processId=6596d6cc235bde1bc4ef5dc4, counter=4}, lastWriteDate=Sat Jan 06 09:39:48 IST 2024, lastUpdateTimeNanos=2624055094200}
2024-01-06T09:39:47.953+05:30  INFO 6308 --- [ngodb.net:27017] org.mongodb.driver.cluster               : Monitor thread successfully connected to server with description ServerDescription{address=ac-dlovyk2-shard-00-00.nwyrzl2.mongodb.net:27017, type=REPLICA_SET_SECONDARY, state=CONNECTED, ok=true, minWireVersion=0, maxWireVersion=17, maxDocumentSize=16777216, logicalSessionTimeoutMinutes=30, roundTripTimeNanos=913989300, setName='atlas-sya9t1-shard-0', canonicalAddress=ac-dlovyk2-shard-00-00.nwyrzl2.mongodb.net:27017, hosts=[ac-dlovyk2-shard-00-00.nwyrzl2.mongodb.net:27017, ac-dlovyk2-shard-00-02.nwyrzl2.mongodb.net:27017, ac-dlovyk2-shard-00-01.nwyrzl2.mongodb.net:27017], passives=[], arbiters=[], primary='ac-dlovyk2-shard-00-02.nwyrzl2.mongodb.net:27017', tagSet=TagSet{[Tag{name='availabilityZone', value='use1-az6'}, Tag{name='nodeType', value='ELECTABLE'}, Tag{name='provider', value='AWS'}, Tag{name='region', value='US_EAST_1'}, Tag{name='workloadType', value='OPERATIONAL'}]}, electionId=null, setVersion=11, topologyVersion=TopologyVersion{processId=65989eb5d3c762a467b66046, counter=3}, lastWriteDate=Sat Jan 06 09:39:48 IST 2024, lastUpdateTimeNanos=2624055091600}
2024-01-06T09:39:47.954+05:30  INFO 6308 --- [ngodb.net:27017] org.mongodb.driver.cluster               : Monitor thread successfully connected to server with description ServerDescription{address=ac-dlovyk2-shard-00-02.nwyrzl2.mongodb.net:27017, type=REPLICA_SET_PRIMARY, state=CONNECTED, ok=true, minWireVersion=0, maxWireVersion=17, maxDocumentSize=16777216, logicalSessionTimeoutMinutes=30, roundTripTimeNanos=913853300, setName='atlas-sya9t1-shard-0', canonicalAddress=ac-dlovyk2-shard-00-02.nwyrzl2.mongodb.net:27017, hosts=[ac-dlovyk2-shard-00-00.nwyrzl2.mongodb.net:27017, ac-dlovyk2-shard-00-02.nwyrzl2.mongodb.net:27017, ac-dlovyk2-shard-00-01.nwyrzl2.mongodb.net:27017], passives=[], arbiters=[], primary='ac-dlovyk2-shard-00-02.nwyrzl2.mongodb.net:27017', tagSet=TagSet{[Tag{name='availabilityZone', value='use1-az2'}, Tag{name='nodeType', value='ELECTABLE'}, Tag{name='provider', value='AWS'}, Tag{name='region', value='US_EAST_1'}, Tag{name='workloadType', value='OPERATIONAL'}]}, electionId=7fffffff000000000000030b, setVersion=11, topologyVersion=TopologyVersion{processId=65849ff49a0fea112937b34d, counter=6}, lastWriteDate=Sat Jan 06 09:39:48 IST 2024, lastUpdateTimeNanos=2624054971800}
2024-01-06T09:39:47.957+05:30  INFO 6308 --- [ngodb.net:27017] org.mongodb.driver.cluster               : Discovered replica set primary ac-dlovyk2-shard-00-02.nwyrzl2.mongodb.net:27017 with max election id 7fffffff000000000000030b and max set version 11
2024-01-06T09:39:47.992+05:30  INFO 6308 --- [           main] c.t.t.TodoserviceApplicationTests        : Started TodoserviceApplicationTests in 3.739 seconds (process running for 5.033)
2024-01-06T09:39:48.776+05:30  INFO 6308 --- [ngodb.net:27017] org.mongodb.driver.cluster               : Monitor thread successfully connected to server with description ServerDescription{address=ac-dlovyk2-shard-00-01.nwyrzl2.mongodb.net:27017, type=REPLICA_SET_SECONDARY, state=CONNECTED, ok=true, minWireVersion=0, maxWireVersion=17, maxDocumentSize=16777216, logicalSessionTimeoutMinutes=30, roundTripTimeNanos=617265800, setName='atlas-sya9t1-shard-0', canonicalAddress=ac-dlovyk2-shard-00-01.nwyrzl2.mongodb.net:27017, hosts=[ac-dlovyk2-shard-00-00.nwyrzl2.mongodb.net:27017, ac-dlovyk2-shard-00-02.nwyrzl2.mongodb.net:27017, ac-dlovyk2-shard-00-01.nwyrzl2.mongodb.net:27017], passives=[], arbiters=[], primary='ac-dlovyk2-shard-00-02.nwyrzl2.mongodb.net:27017', tagSet=TagSet{[Tag{name='availabilityZone', value='use1-az1'}, Tag{name='nodeType', value='ELECTABLE'}, Tag{name='provider', value='AWS'}, Tag{name='region', value='US_EAST_1'}, Tag{name='workloadType', value='OPERATIONAL'}]}, electionId=null, setVersion=11, topologyVersion=TopologyVersion{processId=6596d6cc235bde1bc4ef5dc4, counter=4}, lastWriteDate=Sat Jan 06 09:39:49 IST 2024, lastUpdateTimeNanos=2624883261300}
2024-01-06T09:39:48.783+05:30  INFO 6308 --- [ngodb.net:27017] org.mongodb.driver.cluster               : Monitor thread successfully connected to server with description ServerDescription{address=ac-dlovyk2-shard-00-00.nwyrzl2.mongodb.net:27017, type=REPLICA_SET_SECONDARY, state=CONNECTED, ok=true, minWireVersion=0, maxWireVersion=17, maxDocumentSize=16777216, logicalSessionTimeoutMinutes=30, roundTripTimeNanos=616612100, setName='atlas-sya9t1-shard-0', canonicalAddress=ac-dlovyk2-shard-00-00.nwyrzl2.mongodb.net:27017, hosts=[ac-dlovyk2-shard-00-00.nwyrzl2.mongodb.net:27017, ac-dlovyk2-shard-00-02.nwyrzl2.mongodb.net:27017, ac-dlovyk2-shard-00-01.nwyrzl2.mongodb.net:27017], passives=[], arbiters=[], primary='ac-dlovyk2-shard-00-02.nwyrzl2.mongodb.net:27017', tagSet=TagSet{[Tag{name='availabilityZone', value='use1-az6'}, Tag{name='nodeType', value='ELECTABLE'}, Tag{name='provider', value='AWS'}, Tag{name='region', value='US_EAST_1'}, Tag{name='workloadType', value='OPERATIONAL'}]}, electionId=null, setVersion=11, topologyVersion=TopologyVersion{processId=65989eb5d3c762a467b66046, counter=3}, lastWriteDate=Sat Jan 06 09:39:49 IST 2024, lastUpdateTimeNanos=2624890244400}
2024-01-06T09:39:48.783+05:30  INFO 6308 --- [ngodb.net:27017] org.mongodb.driver.cluster               : Monitor thread successfully connected to server with description ServerDescription{address=ac-dlovyk2-shard-00-02.nwyrzl2.mongodb.net:27017, type=REPLICA_SET_PRIMARY, state=CONNECTED, ok=true, minWireVersion=0, maxWireVersion=17, maxDocumentSize=16777216, logicalSessionTimeoutMinutes=30, roundTripTimeNanos=624406000, setName='atlas-sya9t1-shard-0', canonicalAddress=ac-dlovyk2-shard-00-02.nwyrzl2.mongodb.net:27017, hosts=[ac-dlovyk2-shard-00-00.nwyrzl2.mongodb.net:27017, ac-dlovyk2-shard-00-02.nwyrzl2.mongodb.net:27017, ac-dlovyk2-shard-00-01.nwyrzl2.mongodb.net:27017], passives=[], arbiters=[], primary='ac-dlovyk2-shard-00-02.nwyrzl2.mongodb.net:27017', tagSet=TagSet{[Tag{name='availabilityZone', value='use1-az2'}, Tag{name='nodeType', value='ELECTABLE'}, Tag{name='provider', value='AWS'}, Tag{name='region', value='US_EAST_1'}, Tag{name='workloadType', value='OPERATIONAL'}]}, electionId=7fffffff000000000000030b, setVersion=11, topologyVersion=TopologyVersion{processId=65849ff49a0fea112937b34d, counter=6}, lastWriteDate=Sat Jan 06 09:39:49 IST 2024, lastUpdateTimeNanos=2624890014900}
2024-01-06T09:39:48.785+05:30  INFO 6308 --- [ngodb.net:27017] org.mongodb.driver.cluster               : Discovered replica set primary ac-dlovyk2-shard-00-02.nwyrzl2.mongodb.net:27017 with max election id 7fffffff000000000000030b and max set version 11
]]></system-out>
  </testcase>
</testsuite>